/*C1*/SET SCHEMA SYSTEM_LOBS
INSERT INTO BLOCKS VALUES(0,2147483647,0)
COMMIT
/*C2*/SET SCHEMA PUBLIC
DISCONNECT
/*C3*/SET SCHEMA PUBLIC
 create table group_authorities (id bigint generated by default as identity (start with 1), authority nvarchar(50), group_id bigint, primary key (id))  
create table group_members (id bigint generated by default as identity (start with 1), username nvarchar(50) not null, group_id bigint, primary key (id))  
create table groups (id bigint generated by default as identity (start with 1), group_name nvarchar(50) not null, primary key (id))  
create table users (username nvarchar(50) not null, enabled boolean not null, password nvarchar(50), primary key (username))  
create table "Order" (id integer generated by default as identity (start with 1), address varchar(255), zip_code integer, date_and_time timestamp, status varchar(255), city_id integer, client_id integer, primary key (id))
  create table Author (id integer generated by default as identity (start with 1), first_name varchar(255), last_name varchar(255), primary key (id))
  create table AuthorBook (author_id integer not null, book_id integer not null, primary key (author_id, book_id))
  create table Book (id integer generated by default as identity (start with 1), genre varchar(255), num_of_pages integer, num_of_selected integer, paper_type varchar(255), price integer not null, quantity integer not null, selected boolean not null, title varchar(255), year integer, publishing_house_id integer, primary key (id))
  create table BookOrder (id integer generated by default as identity (start with 1), number integer not null, book_id integer, order_id integer, primary key (id))
  create table City (id integer generated by default as identity (start with 1), name varchar(255), country_id integer, primary key (id))
  create table Client (id integer generated by default as identity (start with 1), first_name varchar(255), last_name varchar(255), address varchar(255), zip_code integer, email varchar(255), mobile_telephone varchar(255), city_id integer, primary key (id))
  create table Country (id integer generated by default as identity (start with 1), name varchar(255), primary key (id))
  create table PublishingHouse (id integer generated by default as identity (start with 1), name varchar(255), primary key (id))
  alter table "Order" add constraint FK_CITY_ORDER foreign key (city_id) references City
  alter table "Order" add constraint FK_CLIENT_ORDER foreign key (client_id) references Client
  alter table AuthorBook add constraint FK_BOOK_AUTHORBOOK foreign key (book_id) references Book
  alter table AuthorBook add constraint FK_AUTHOR_AUTHORBOOK foreign key (author_id) references Author
  alter table Book add constraint FK_PUBLISHINGHOUSE_BOOK foreign key (publishing_house_id) references PublishingHouse
  alter table BookOrder add constraint FK_BOOK_BOOKORDER foreign key (book_id) references Book
  alter table BookOrder add constraint FK_ORDER_BOOKORDER foreign key (order_id) references "Order"
  alter table City add constraint FK_COUNTRY_CITY foreign key (country_id) references Country
  alter table Client add constraint FK_CITY_CLIENT foreign key (city_id) references City
  alter table group_authorities add constraint GROUP_GROUP_AUTHORITIES foreign key (group_id) references groups  
alter table group_members add constraint GROUP_GROUP_MEMBERS foreign key (group_id) references groups
DISCONNECT
/*C4*/SET SCHEMA PUBLIC
INSERT INTO GROUPS VALUES(1,'USER')
INSERT INTO GROUPS VALUES(2,'ADMIN')
INSERT INTO GROUP_AUTHORITIES VALUES(1,'ROLE_USER',1)
INSERT INTO GROUP_AUTHORITIES VALUES(2,'ROLE_ADMIN',2)
INSERT INTO GROUP_MEMBERS VALUES(1,'user',1)
INSERT INTO GROUP_MEMBERS VALUES(2,'admin',2)
INSERT INTO USERS VALUES('user',TRUE,'user')
INSERT INTO USERS VALUES('admin',TRUE,'admin')
INSERT INTO AUTHOR VALUES(1,'\u0414\u044d\u043d','\u0411\u0440\u0430\u0443\u043d')
INSERT INTO AUTHOR VALUES(2,'\u0410\u0440\u0442\u0443\u0440','\u041a\u043e\u043d\u0430\u043d \u0414\u043e\u0439\u043b')
INSERT INTO AUTHOR VALUES(3,'\u0410\u043b\u0435\u043a\u0441\u0430\u043d\u0434\u0440','\u0414\u044e\u043c\u0430')
INSERT INTO AUTHOR VALUES(4,'\u041c\u0438\u0445\u0430\u0438\u043b','\u0428\u043e\u043b\u043e\u0445\u043e\u0432')
INSERT INTO AUTHOR VALUES(5,'\u0421\u0442\u0438\u0432\u0435\u043d','\u0425\u043e\u043a\u0438\u043d\u0433')
INSERT INTO AUTHOR VALUES(6,'\u041a\u0430\u0440\u043b','\u0426\u0438\u043c\u043c\u0435\u0440')
INSERT INTO AUTHOR VALUES(7,'\u0418\u043d\u0442','\u0411\u0435\u0440\u0433\u0435\u0440')
INSERT INTO AUTHOR VALUES(8,'\u0410\u043d\u0434\u0440\u0435\u0439','\u0413\u043e\u0440\u0435\u0432')
INSERT INTO AUTHOR VALUES(9,'\u0410\u043b\u0435\u043a\u0441\u0430\u043d\u0434\u0440','\u041f\u0443\u0448\u043a\u0438\u043d')
INSERT INTO AUTHOR VALUES(10,'\u0413\u0430\u043d\u0441 \u0425\u0440\u0438\u0441\u0442\u0438\u0430\u043d','\u0410\u043d\u0434\u0435\u0440\u0441\u0435\u043d')
INSERT INTO AUTHOR VALUES(11,'\u0412\u0438\u043b\u044c\u044f\u043c','\u041f\u043e\u0445\u043b\u0435\u0431\u043a\u0438\u043d')
INSERT INTO AUTHOR VALUES(12,'\u0414\u0436\u0435\u0439\u043c\u0438','\u041e\u043b\u0438\u0432\u0435\u0440')
INSERT INTO PUBLISHINGHOUSE VALUES(1,'Neoclassic')
INSERT INTO PUBLISHINGHOUSE VALUES(2,'\u042d\u043a\u0441\u043c\u043e')
INSERT INTO PUBLISHINGHOUSE VALUES(3,'\u041c\u0438\u0440 \u043a\u043d\u0438\u0433\u0438')
INSERT INTO PUBLISHINGHOUSE VALUES(4,'\u0414\u0430\u0439\u0434\u0436\u0435\u0441\u0442')
INSERT INTO PUBLISHINGHOUSE VALUES(5,'\u041b\u0435\u043d\u0438\u0437\u0434\u0430\u0442')
INSERT INTO PUBLISHINGHOUSE VALUES(6,'\u0410\u0437\u0431\u0443\u043a\u0430')
INSERT INTO PUBLISHINGHOUSE VALUES(7,'\u0410\u0421\u0422')
INSERT INTO PUBLISHINGHOUSE VALUES(8,'\u0420\u043e\u0437\u043e\u0432\u044b\u0439 \u0436\u0438\u0440\u0430\u0444')
INSERT INTO PUBLISHINGHOUSE VALUES(9,'\u0410\u043b\u044c\u043f\u0438\u043d\u0430 \u043d\u043e\u043d \u0444\u0440\u0438\u043a\u0448\u043d')
INSERT INTO PUBLISHINGHOUSE VALUES(10,'\u041a\u043d\u0438\u0433\u0430 \u043f\u043e \u0442\u0440\u0435\u0431\u043e\u0432\u0430\u043d\u0438\u044e')
INSERT INTO PUBLISHINGHOUSE VALUES(11,'Academia')
INSERT INTO PUBLISHINGHOUSE VALUES(12,'\u0420\u043e\u0441\u043c\u044d\u043d')
INSERT INTO PUBLISHINGHOUSE VALUES(13,'\u0414\u043e\u0431\u0440\u0430\u044f \u043a\u043d\u0438\u0433\u0430')
INSERT INTO PUBLISHINGHOUSE VALUES(14,'\u0412\u0440\u0435\u043c\u0435\u043d\u0430 2')
INSERT INTO PUBLISHINGHOUSE VALUES(15,'\u041a\u0443\u043a\u0411\u0443\u043a\u0441')
INSERT INTO BOOK VALUES(1,'DETECTIVE',544,0,'OFFSET',1200,8,FALSE,'\u041a\u043e\u0434 \u0434\u0430 \u0412\u0438\u043d\u0447\u0438',2004,1)
INSERT INTO BOOK VALUES(2,'DETECTIVE',640,0,'NEWSPAPER',120,5,FALSE,'\u0410\u043d\u0433\u0435\u043b\u044b \u0438 \u0434\u0435\u043c\u043e\u043d\u044b',2017,1)
INSERT INTO BOOK VALUES(3,'DETECTIVE',640,0,'NEWSPAPER',278,8,FALSE,'\u041f\u0440\u0438\u043a\u043b\u044e\u0447\u0435\u043d\u0438\u044f \u0428\u0435\u0440\u043b\u043e\u043a\u0430 \u0425\u043e\u043b\u043c\u0441\u0430',2016,2)
INSERT INTO BOOK VALUES(4,'DETECTIVE',448,0,'NEWSPAPER',448,10,FALSE,'\u0417\u0430\u043f\u0438\u0441\u043a\u0438 \u043e \u0428\u0435\u0440\u043b\u043e\u043a\u0435 \u0425\u043e\u043b\u043c\u0441\u0435',2007,3)
INSERT INTO BOOK VALUES(5,'HISTORY',608,0,'OFFSET',700,5,FALSE,'\u0422\u0440\u0438 \u043c\u0443\u0448\u043a\u0435\u0442\u0435\u0440\u0430',2005,4)
INSERT INTO BOOK VALUES(6,'HISTORY',688,0,'NEWSPAPER',144,1,FALSE,'\u041f\u043e\u0434\u043d\u044f\u0442\u0430\u044f \u0446\u0435\u043b\u0438\u043d\u0430',1974,5)
INSERT INTO BOOK VALUES(7,'HISTORY',1728,0,'OFFSET',400,2,FALSE,'\u0422\u0438\u0445\u0438\u0439 \u0434\u043e\u043d',2014,6)
INSERT INTO BOOK VALUES(8,'SCIENCE',232,0,'OFFSET',611,5,FALSE,'\u041a\u0440\u0430\u0442\u043a\u0430\u044f \u0438\u0441\u0442\u043e\u0440\u0438\u044f \u0432\u0440\u0435\u043c\u0435\u043d\u0438',2016,7)
INSERT INTO BOOK VALUES(9,'SCIENCE',360,0,'NEWSPAPER',659,2,FALSE,'\u0414\u0436\u043e\u0440\u0434\u0436 \u0438 \u0431\u043e\u043b\u044c\u0448\u043e\u0439 \u0432\u0437\u0440\u044b\u0432',2016,8)
INSERT INTO BOOK VALUES(10,'SCIENCE',368,0,'OFFSET',460,3,FALSE,'\u041f\u0430\u0440\u0430\u0437\u0438\u0442 - \u0446\u0430\u0440\u044c \u043f\u0440\u0438\u0440\u043e\u0434\u044b',2017,9)
INSERT INTO BOOK VALUES(11,'SCIENCE',568,0,'OFFSET',470,3,FALSE,'\u042d\u0432\u043e\u043b\u044e\u0446\u0438\u044f. \u0422\u0440\u0438\u0443\u043c\u0444 \u0438\u0434\u0435\u0438',2017,9)
INSERT INTO BOOK VALUES(12,'TRANSPORT',352,0,'NEWSPAPER',1600,1,FALSE,'\u0410\u0432\u0438\u0430\u0446\u0438\u043e\u043d\u043d\u044b\u0435 \u043f\u043e\u0440\u0448\u043d\u0435\u0432\u044b\u0435 \u0434\u0432\u0438\u0433\u0430\u0442\u0435\u043b\u0438',2012,10)
INSERT INTO BOOK VALUES(13,'TRANSPORT',304,0,'OFFSET',1219,2,FALSE,'\u0413\u0440\u0443\u0437\u043e\u0432\u044b\u0435 \u043f\u0435\u0440\u0435\u0432\u043e\u0437\u043a\u0438. \u0423\u0447\u0435\u0431\u043d\u0438\u043a',2013,11)
INSERT INTO BOOK VALUES(14,'TALES',144,0,'OFFSET',183,6,FALSE,'\u0421\u043a\u0430\u0437\u043a\u0438',2017,12)
INSERT INTO BOOK VALUES(15,'TALES',256,0,'OFFSET',91,5,FALSE,'\u0420\u0443\u0441\u043b\u0430\u043d \u0438 \u041b\u044e\u0434\u043c\u0438\u043b\u0430',2014,6)
INSERT INTO BOOK VALUES(16,'TALES',144,0,'OFFSET',282,3,FALSE,'\u0421\u043a\u0430\u0437\u043a\u0438',2017,12)
INSERT INTO BOOK VALUES(17,'TALES',60,0,'OFFSET',950,2,FALSE,'\u0421\u043d\u0435\u0436\u043d\u0430\u044f \u043a\u043e\u0440\u043e\u043b\u0435\u0432\u0430',2017,13)
INSERT INTO BOOK VALUES(18,'TALES',992,0,'OFFSET',773,3,FALSE,'\u0411\u043e\u043b\u044c\u0448\u0430\u044f \u043a\u0443\u043b\u0438\u043d\u0430\u0440\u043d\u0430\u044f \u043a\u043d\u0438\u0433\u0430',2016,14)
INSERT INTO BOOK VALUES(19,'TALES',408,0,'OFFSET',2500,2,FALSE,'\u0414\u0443\u0448\u0435\u0432\u043d\u0430\u044f \u0435\u0434\u0430 \u043e\u0442 \u0414\u0436\u0435\u0439\u043c\u0438 \u041e\u043b\u0438\u0432\u0435\u0440\u0430',2015,15)
INSERT INTO AUTHORBOOK VALUES(1,1)
INSERT INTO AUTHORBOOK VALUES(1,2)
INSERT INTO AUTHORBOOK VALUES(2,3)
INSERT INTO AUTHORBOOK VALUES(2,4)
INSERT INTO AUTHORBOOK VALUES(3,5)
INSERT INTO AUTHORBOOK VALUES(4,6)
INSERT INTO AUTHORBOOK VALUES(4,7)
INSERT INTO AUTHORBOOK VALUES(5,8)
INSERT INTO AUTHORBOOK VALUES(5,9)
INSERT INTO AUTHORBOOK VALUES(6,10)
INSERT INTO AUTHORBOOK VALUES(6,11)
INSERT INTO AUTHORBOOK VALUES(7,12)
INSERT INTO AUTHORBOOK VALUES(8,13)
INSERT INTO AUTHORBOOK VALUES(9,14)
INSERT INTO AUTHORBOOK VALUES(9,15)
INSERT INTO AUTHORBOOK VALUES(10,16)
INSERT INTO AUTHORBOOK VALUES(10,17)
INSERT INTO AUTHORBOOK VALUES(11,18)
INSERT INTO AUTHORBOOK VALUES(12,19)
INSERT INTO COUNTRY VALUES(1,'\u0420\u043e\u0441\u0441\u0438\u044f')
INSERT INTO COUNTRY VALUES(2,'\u0411\u0435\u043b\u043e\u0440\u0443\u0441\u0441\u0438\u044f')
INSERT INTO CITY VALUES(1,'\u0421\u0435\u0432\u0430\u0441\u0442\u043e\u043f\u043e\u043b\u044c',1)
INSERT INTO CITY VALUES(2,'\u041c\u043e\u0441\u043a\u0432\u0430',1)
INSERT INTO CITY VALUES(3,'\u0421\u0430\u043d\u043a\u0442-\u041f\u0435\u0442\u0435\u0440\u0431\u0443\u0440\u0433',1)
INSERT INTO CITY VALUES(4,'\u0421\u0438\u043c\u0444\u0435\u0440\u043e\u043f\u043e\u043b\u044c',1)
INSERT INTO CITY VALUES(5,'\u0420\u043e\u0441\u0442\u0432 \u043d\u0430 \u0414\u043e\u043d\u0443',1)
INSERT INTO CITY VALUES(6,'\u0411\u0440\u044f\u043d\u0441\u043a',1)
INSERT INTO CITY VALUES(7,'\u041a\u0440\u0430\u0441\u043d\u043e\u0434\u0430\u0440',1)
INSERT INTO CITY VALUES(8,'\u041c\u0438\u043d\u0441\u043a',2)
INSERT INTO CITY VALUES(9,'\u0411\u0440\u0435\u0441\u0442',2)
INSERT INTO CITY VALUES(10,'\u0412\u0438\u0442\u0435\u0431\u0441\u043a',2)
INSERT INTO CITY VALUES(11,'\u0411\u0440\u0430\u0441\u043b\u0430\u0432',2)
INSERT INTO CLIENT VALUES(1,'\u041b\u0435\u043e\u043d\u0438\u0434','\u041a\u0440\u0430\u0432\u0447\u0443\u043a','\u043f\u043b\u043e\u0449\u0430\u0434\u044c \u0417\u0430\u0445\u0430\u0440\u043e\u0432\u0430, \u0434.34, \u043a\u0432.1',299002,'l.kravchuk@mail.ru','+79788805678',1)
INSERT INTO CLIENT VALUES(2,'\u041c\u0430\u0440\u0438\u044f','\u0413\u043e\u043b\u0443\u0431\u0435\u0432\u0430','\u041b\u0435\u043d\u0438\u043d\u0433\u0440\u0430\u0434\u0441\u043a\u043e\u0435 \u0448\u043e\u0441\u0441\u0435, \u0434.112/1',105062,'masha_golubeva@mail.ru','+79152458579',2)
INSERT INTO CLIENT VALUES(3,'\u041e\u043b\u0435\u0433','\u0415\u0440\u0435\u043c\u0435\u0435\u0432','\u0443\u043b\u0438\u0446\u0430 \u0422\u0438\u043c\u0438\u0440\u044f\u0437\u0435\u0432\u0430, 114',220141,'olegka_eremeev@mail.ru','+375172565897',8)
INSERT INTO "Order" VALUES(1,'\u043f\u043b\u043e\u0449\u0430\u0434\u044c \u0417\u0430\u0445\u0430\u0440\u043e\u0432\u0430, \u0434.34, \u043a\u0432.1',299002,'2017-12-01 10:30:00.000000','SHIPPED',1,1)
INSERT INTO BOOKORDER VALUES(1,1,3,1)
INSERT INTO BOOKORDER VALUES(2,5,2,1)
INSERT INTO BOOKORDER VALUES(3,3,8,1)
INSERT INTO BOOKORDER VALUES(4,1,4,1)
INSERT INTO "Order" VALUES(2,'\u041e\u0431\u0449\u0435\u0436\u0438\u0442\u0438\u0435 \u2116 2 \u0412\u041c\u041a \u041c\u0413\u0423',105063,'2017-12-03 19:45:00.000000','SHIPPED',2,2)
INSERT INTO BOOKORDER VALUES(5,1,18,2)
INSERT INTO BOOKORDER VALUES(6,3,16,2)
COMMIT
DISCONNECT
/*C5*/SET SCHEMA PUBLIC
DISCONNECT
/*C6*/SET SCHEMA PUBLIC
DISCONNECT
/*C7*/SET SCHEMA PUBLIC
DISCONNECT
/*C8*/SET SCHEMA PUBLIC
DISCONNECT
/*C9*/SET SCHEMA PUBLIC
DISCONNECT
/*C10*/SET SCHEMA PUBLIC
DISCONNECT
/*C11*/SET SCHEMA PUBLIC
DISCONNECT
/*C12*/SET SCHEMA PUBLIC
DISCONNECT
/*C13*/SET SCHEMA PUBLIC
DISCONNECT
/*C14*/SET SCHEMA PUBLIC
DISCONNECT
/*C15*/SET SCHEMA PUBLIC
DISCONNECT
/*C16*/SET SCHEMA PUBLIC
DISCONNECT
/*C17*/SET SCHEMA PUBLIC
DISCONNECT
/*C18*/SET SCHEMA PUBLIC
DISCONNECT
/*C19*/SET SCHEMA PUBLIC
DISCONNECT
/*C20*/SET SCHEMA PUBLIC
DISCONNECT
/*C21*/SET SCHEMA PUBLIC
DISCONNECT
/*C22*/SET SCHEMA PUBLIC
DISCONNECT
/*C23*/SET SCHEMA PUBLIC
DISCONNECT
/*C24*/SET SCHEMA PUBLIC
DISCONNECT
/*C25*/SET SCHEMA PUBLIC
DISCONNECT
/*C26*/SET SCHEMA PUBLIC
DISCONNECT
/*C27*/SET SCHEMA PUBLIC
DISCONNECT
/*C28*/SET SCHEMA PUBLIC
DISCONNECT
/*C29*/SET SCHEMA PUBLIC
DISCONNECT
/*C30*/SET SCHEMA PUBLIC
DISCONNECT
/*C31*/SET SCHEMA PUBLIC
DISCONNECT
/*C32*/SET SCHEMA PUBLIC
DISCONNECT
/*C33*/SET SCHEMA PUBLIC
DISCONNECT
/*C34*/SET SCHEMA PUBLIC
DISCONNECT
/*C35*/SET SCHEMA PUBLIC
DISCONNECT
/*C36*/SET SCHEMA PUBLIC
DISCONNECT
/*C37*/SET SCHEMA PUBLIC
DISCONNECT
/*C38*/SET SCHEMA PUBLIC
DISCONNECT
/*C39*/SET SCHEMA PUBLIC
DISCONNECT
/*C40*/SET SCHEMA PUBLIC
DISCONNECT
/*C41*/SET SCHEMA PUBLIC
DISCONNECT
/*C42*/SET SCHEMA PUBLIC
DISCONNECT
/*C43*/SET SCHEMA PUBLIC
DISCONNECT
/*C44*/SET SCHEMA PUBLIC
DISCONNECT
/*C45*/SET SCHEMA PUBLIC
DISCONNECT
/*C46*/SET SCHEMA PUBLIC
DISCONNECT
/*C47*/SET SCHEMA PUBLIC
DISCONNECT
/*C48*/SET SCHEMA PUBLIC
DISCONNECT
/*C49*/SET SCHEMA PUBLIC
DELETE FROM BOOK WHERE ID=16
INSERT INTO BOOK VALUES(16,'TALES',144,1,'OFFSET',282,3,TRUE,'\u0421\u043a\u0430\u0437\u043a\u0438',2017,12)
COMMIT
DISCONNECT
/*C50*/SET SCHEMA PUBLIC
DISCONNECT
/*C51*/SET SCHEMA PUBLIC
DISCONNECT
/*C52*/SET SCHEMA PUBLIC
DISCONNECT
/*C53*/SET SCHEMA PUBLIC
DISCONNECT
/*C54*/SET SCHEMA PUBLIC
DISCONNECT
/*C55*/SET SCHEMA PUBLIC
DISCONNECT
/*C56*/SET SCHEMA PUBLIC
DISCONNECT
/*C57*/SET SCHEMA PUBLIC
DISCONNECT
/*C58*/SET SCHEMA PUBLIC
DISCONNECT
/*C59*/SET SCHEMA PUBLIC
DISCONNECT
/*C60*/SET SCHEMA PUBLIC
DISCONNECT
/*C61*/SET SCHEMA PUBLIC
DISCONNECT
/*C62*/SET SCHEMA PUBLIC
DISCONNECT
/*C63*/SET SCHEMA PUBLIC
DISCONNECT
/*C64*/SET SCHEMA PUBLIC
DISCONNECT
/*C65*/SET SCHEMA PUBLIC
DISCONNECT
/*C66*/SET SCHEMA PUBLIC
DISCONNECT
/*C67*/SET SCHEMA PUBLIC
DISCONNECT
/*C68*/SET SCHEMA PUBLIC
DISCONNECT
/*C69*/SET SCHEMA PUBLIC
DISCONNECT
/*C70*/SET SCHEMA PUBLIC
DISCONNECT
/*C71*/SET SCHEMA PUBLIC
DISCONNECT
/*C72*/SET SCHEMA PUBLIC
DISCONNECT
/*C73*/SET SCHEMA PUBLIC
DISCONNECT
/*C74*/SET SCHEMA PUBLIC
DISCONNECT
/*C75*/SET SCHEMA PUBLIC
DISCONNECT
/*C76*/SET SCHEMA PUBLIC
DISCONNECT
/*C77*/SET SCHEMA PUBLIC
DISCONNECT
/*C78*/SET SCHEMA PUBLIC
DISCONNECT
/*C79*/SET SCHEMA PUBLIC
DISCONNECT
/*C80*/SET SCHEMA PUBLIC
DISCONNECT
/*C81*/SET SCHEMA PUBLIC
DISCONNECT
/*C82*/SET SCHEMA PUBLIC
DISCONNECT
/*C83*/SET SCHEMA PUBLIC
DISCONNECT
/*C84*/SET SCHEMA PUBLIC
DISCONNECT
/*C85*/SET SCHEMA PUBLIC
DISCONNECT
/*C86*/SET SCHEMA PUBLIC
DISCONNECT
/*C87*/SET SCHEMA PUBLIC
DISCONNECT
/*C88*/SET SCHEMA PUBLIC
DISCONNECT
/*C89*/SET SCHEMA PUBLIC
DISCONNECT
/*C90*/SET SCHEMA PUBLIC
DISCONNECT
/*C91*/SET SCHEMA PUBLIC
DISCONNECT
/*C92*/SET SCHEMA PUBLIC
DISCONNECT
/*C93*/SET SCHEMA PUBLIC
DELETE FROM "Order" WHERE ID=1
INSERT INTO "Order" VALUES(1,'\u043f\u043b\u043e\u0449\u0430\u0434\u044c \u0417\u0430\u0445\u0430\u0440\u043e\u0432\u0430, \u0434.34, \u043a\u0432.1',299002,'2017-12-01 10:30:00.000000','PROCESSING',1,1)
COMMIT
DISCONNECT
/*C94*/SET SCHEMA PUBLIC
DISCONNECT
/*C95*/SET SCHEMA PUBLIC
DISCONNECT
/*C96*/SET SCHEMA PUBLIC
DISCONNECT
/*C97*/SET SCHEMA PUBLIC
DISCONNECT
/*C98*/SET SCHEMA PUBLIC
DISCONNECT
/*C99*/SET SCHEMA PUBLIC
DISCONNECT
/*C100*/SET SCHEMA PUBLIC
DISCONNECT
/*C101*/SET SCHEMA PUBLIC
DISCONNECT
/*C103*/SET SCHEMA PUBLIC
DISCONNECT
/*C102*/SET SCHEMA PUBLIC
DISCONNECT
/*C104*/SET SCHEMA PUBLIC
DISCONNECT
/*C105*/SET SCHEMA PUBLIC
DISCONNECT
/*C106*/SET SCHEMA PUBLIC
DELETE FROM BOOK WHERE ID=16
INSERT INTO BOOK VALUES(16,'TALES',144,3,'OFFSET',282,3,TRUE,'\u0421\u043a\u0430\u0437\u043a\u0438',2017,12)
COMMIT
DISCONNECT
/*C107*/SET SCHEMA PUBLIC
DISCONNECT
/*C108*/SET SCHEMA PUBLIC
DISCONNECT
/*C109*/SET SCHEMA PUBLIC
DISCONNECT
/*C110*/SET SCHEMA PUBLIC
DISCONNECT
/*C111*/SET SCHEMA PUBLIC
DISCONNECT
/*C112*/SET SCHEMA PUBLIC
DISCONNECT
/*C113*/SET SCHEMA PUBLIC
DELETE FROM BOOK WHERE ID=5
INSERT INTO BOOK VALUES(5,'HISTORY',608,1,'OFFSET',700,5,TRUE,'\u0422\u0440\u0438 \u043c\u0443\u0448\u043a\u0435\u0442\u0435\u0440\u0430',2005,4)
COMMIT
DISCONNECT
/*C114*/SET SCHEMA PUBLIC
DISCONNECT
/*C115*/SET SCHEMA PUBLIC
DISCONNECT
/*C116*/SET SCHEMA PUBLIC
DISCONNECT
/*C117*/SET SCHEMA PUBLIC
DISCONNECT
/*C118*/SET SCHEMA PUBLIC
DISCONNECT
/*C120*/SET SCHEMA PUBLIC
DISCONNECT
/*C119*/SET SCHEMA PUBLIC
DISCONNECT
/*C121*/SET SCHEMA PUBLIC
DISCONNECT
/*C122*/SET SCHEMA PUBLIC
DISCONNECT
/*C123*/SET SCHEMA PUBLIC
DISCONNECT
